terminate called after throwing an instance of 'std::runtime_error'
  what():  
=== Fatal error at line 184 of file /global/cscratch1/sd/zhang714/install_sirius_2019_08_22/SIRIUS-develop/src/SDDK/wf_ortho.cpp ===
error in factorization, info = 110
number of existing states: 1440
number of new states: 200
number of wave_functions: 3
idx_bra: 0 idx_ket:2


terminate called after throwing an instance of 'std::runtime_error'
terminate called after throwing an instance of 'std::runtime_error'
  what():  
=== Fatal error at line 184 of file /global/cscratch1/sd/zhang714/install_sirius_2019_08_22/SIRIUS-develop/src/SDDK/wf_ortho.cpp ===
error in factorization, info = 110
number of existing states: 1440
number of new states: 200
number of wave_functions: 3
idx_bra: 0 idx_ket:2


terminate called after throwing an instance of 'std::runtime_error'
  what():  
=== Fatal error at line 184 of file /global/cscratch1/sd/zhang714/install_sirius_2019_08_22/SIRIUS-develop/src/SDDK/wf_ortho.cpp ===
error in factorization, info = 110
number of existing states: 1440
number of new states: 200
number of wave_functions: 3
idx_bra: 0 idx_ket:2


terminate called after throwing an instance of 'std::runtime_error'
  what():  
=== Fatal error at line 184 of file /global/cscratch1/sd/zhang714/install_sirius_2019_08_22/SIRIUS-develop/src/SDDK/wf_ortho.cpp ===
error in factorization, info = 110
number of existing states: 1440
number of new states: 200
number of wave_functions: 3
idx_bra: 0 idx_ket:2


terminate called after throwing an instance of 'std::runtime_error'
  what():  
=== Fatal error at line 184 of file /global/cscratch1/sd/zhang714/install_sirius_2019_08_22/SIRIUS-develop/src/SDDK/wf_ortho.cpp ===
error in factorization, info = 110
number of existing states: 1440
number of new states: 200
number of wave_functions: 3
idx_bra: 0 idx_ket:2

terminate called after throwing an instance of 'std::runtime_error'
terminate called after throwing an instance of 'std::runtime_error'
  what():  
=== Fatal error at line 184 of file /global/cscratch1/sd/zhang714/install_sirius_2019_08_22/SIRIUS-develop/src/SDDK/wf_ortho.cpp ===
error in factorization, info = 110
number of existing states: 1440
number of new states: 200
number of wave_functions: 3
idx_bra: 0 idx_ket:2


terminate called after throwing an instance of 'std::runtime_error'
  what():  
=== Fatal error at line 184 of file /global/cscratch1/sd/zhang714/install_sirius_2019_08_22/SIRIUS-develop/src/SDDK/wf_ortho.cpp ===
error in factorization, info = 110
number of existing states: 1440
number of new states: 200
number of wave_functions: 3
idx_bra: 0 idx_ket:2


terminate called after throwing an instance of 'std::runtime_error'
  what():  
=== Fatal error at line 184 of file /global/cscratch1/sd/zhang714/install_sirius_2019_08_22/SIRIUS-develop/src/SDDK/wf_ortho.cpp ===
error in factorization, info = 110
number of existing states: 1440
number of new states: 200
number of wave_functions: 3
idx_bra: 0 idx_ket:2


terminate called after throwing an instance of 'std::runtime_error'
  what():  
=== Fatal error at line 184 of file /global/cscratch1/sd/zhang714/install_sirius_2019_08_22/SIRIUS-develop/src/SDDK/wf_ortho.cpp ===
error in factorization, info = 110
number of existing states: 1440
number of new states: 200
number of wave_functions: 3
idx_bra: 0 idx_ket:2


terminate called after throwing an instance of 'std::runtime_error'
  what():  
=== Fatal error at line 184 of file /global/cscratch1/sd/zhang714/install_sirius_2019_08_22/SIRIUS-develop/src/SDDK/wf_ortho.cpp ===
error in factorization, info = 110
number of existing states: 1440
number of new states: 200
number of wave_functions: 3
idx_bra: 0 idx_ket:2


terminate called after throwing an instance of 'std::runtime_error'
  what():  
=== Fatal error at line 184 of file /global/cscratch1/sd/zhang714/install_sirius_2019_08_22/SIRIUS-develop/src/SDDK/wf_ortho.cpp ===
error in factorization, info = 110
number of existing states: 1440
number of new states: 200
number of wave_functions: 3
idx_bra: 0 idx_ket:2


terminate called after throwing an instance of 'std::runtime_error'
  what():  
=== Fatal error at line 184 of file /global/cscratch1/sd/zhang714/install_sirius_2019_08_22/SIRIUS-develop/src/SDDK/wf_ortho.cpp ===
error in factorization, info = 110
number of existing states: 1440
number of new states: 200
number of wave_functions: 3
idx_bra: 0 idx_ket:2



terminate called after throwing an instance of 'std::runtime_error'
  what():  
=== Fatal error at line 184 of file /global/cscratch1/sd/zhang714/install_sirius_2019_08_22/SIRIUS-develop/src/SDDK/wf_ortho.cpp ===
error in factorization, info = 110
number of existing states: 1440
number of new states: 200
number of wave_functions: 3
idx_bra: 0 idx_ket:2


  what():  
=== Fatal error at line 184 of file /global/cscratch1/sd/zhang714/install_sirius_2019_08_22/SIRIUS-develop/src/SDDK/wf_ortho.cpp ===
error in factorization, info = 110
number of existing states: 1440
number of new states: 200
number of wave_functions: 3
idx_bra: 0 idx_ket:2


terminate called after throwing an instance of 'std::runtime_error'
  what():  
=== Fatal error at line 184 of file /global/cscratch1/sd/zhang714/install_sirius_2019_08_22/SIRIUS-develop/src/SDDK/wf_ortho.cpp ===
error in factorization, info = 110
number of existing states: 1440
number of new states: 200
number of wave_functions: 3
idx_bra: 0 idx_ket:2


  what():  
=== Fatal error at line 184 of file /global/cscratch1/sd/zhang714/install_sirius_2019_08_22/SIRIUS-develop/src/SDDK/wf_ortho.cpp ===
error in factorization, info = 110
number of existing states: 1440
number of new states: 200
number of wave_functions: 3
idx_bra: 0 idx_ket:2


srun: error: nid01434: tasks 32,34-35: Aborted
srun: launch/slurm: _step_signal: Terminating StepId=50347748.0
slurmstepd: error: *** STEP 50347748.0 ON nid00785 CANCELLED AT 2021-11-14T23:29:24 ***
srun: error: nid01457: tasks 40-43: Aborted
srun: error: nid01435: tasks 36-39: Aborted
srun: error: nid01458: tasks 44-47: Aborted
srun: error: nid02090: tasks 80-83: Terminated
srun: error: nid01375: tasks 28-31: Terminated
srun: error: nid13027: tasks 124-127: Terminated
srun: error: nid01941: tasks 56-59: Terminated
srun: error: nid13000: tasks 112-115: Terminated
srun: error: nid12975: tasks 104-107: Terminated
srun: error: nid13001: tasks 116-119: Terminated
srun: error: nid01372: tasks 16-19: Terminated
srun: error: nid12999: tasks 108-111: Terminated
srun: error: nid01942: tasks 60-63: Terminated
srun: error: nid13026: tasks 120-123: Terminated
srun: error: nid02089: tasks 76-79: Terminated
srun: error: nid01963: tasks 64-67: Terminated
srun: error: nid00861: tasks 4-7: Terminated
srun: error: nid01373: tasks 20-23: Terminated
srun: error: nid00872: tasks 12-15: Terminated
srun: error: nid01940: tasks 52-55: Terminated
srun: error: nid00785: tasks 0-3: Terminated
srun: error: nid01964: tasks 68-71: Terminated
srun: error: nid12959: tasks 92-95: Terminated
srun: error: nid12960: tasks 96-99: Terminated
srun: error: nid00863: tasks 8-11: Terminated
srun: error: nid12954: tasks 84-87: Terminated
srun: error: nid01374: tasks 24-27: Terminated
srun: error: nid01459: tasks 48-51: Terminated
srun: error: nid01965: tasks 72-75: Terminated
srun: error: nid12955: tasks 88-91: Terminated
srun: error: nid12974: tasks 100-103: Terminated
srun: error: nid01434: task 33: Aborted (core dumped)
srun: Force Terminated StepId=50347748.0
 
 ================================================= 
 The job is done in time.                          
 Time used for execution: 2 min 1 sec 
 ================================================= 
 
